20260405 21:42:37 - SpawnProcess-2 | ThreadPoolExecutor-2_0 | log_utils.info:66 - INFO -搜索旅行建议 - Loc: 巴黎, Name: None, Keywords: 平价,美食
20260405 21:42:37 - SpawnProcess-2 | ThreadPoolExecutor-2_0 | log_utils.info:66 - INFO -地点转换: '巴黎' -> 'Paris'
20260405 21:42:37 - SpawnProcess-2 | ThreadPoolExecutor-2_0 | log_utils.info:66 - INFO -搜索完成，找到 0 个旅行建议
20260405 21:42:39 - SpawnProcess-2 | ThreadPoolExecutor-3_0 | log_utils.info:66 - INFO -搜索旅行建议 - Loc: 巴黎, Name: None, Keywords: 经济,美食
20260405 21:42:39 - SpawnProcess-2 | ThreadPoolExecutor-3_0 | log_utils.info:66 - INFO -地点转换: '巴黎' -> 'Paris'
20260405 21:42:39 - SpawnProcess-2 | ThreadPoolExecutor-3_0 | log_utils.info:66 - INFO -搜索完成，找到 0 个旅行建议
20260405 21:42:43 - SpawnProcess-2 | ThreadPoolExecutor-4_0 | log_utils.info:66 - INFO -搜索旅行建议 - Loc: 巴黎, Name: None, Keywords: 便宜,餐馆
20260405 21:42:43 - SpawnProcess-2 | ThreadPoolExecutor-4_0 | log_utils.info:66 - INFO -地点转换: '巴黎' -> 'Paris'
20260405 21:42:43 - SpawnProcess-2 | ThreadPoolExecutor-4_0 | log_utils.info:66 - INFO -搜索完成，找到 0 个旅行建议
20260405 21:42:46 - SpawnProcess-2 | ThreadPoolExecutor-5_0 | log_utils.info:66 - INFO -搜索旅行建议 - Loc: 巴黎, Name: None, Keywords: 预算友好,餐厅
20260405 21:42:46 - SpawnProcess-2 | ThreadPoolExecutor-5_0 | log_utils.info:66 - INFO -地点转换: '巴黎' -> 'Paris'
20260405 21:42:46 - SpawnProcess-2 | ThreadPoolExecutor-5_0 | log_utils.info:66 - INFO -搜索完成，找到 0 个旅行建议
20260405 21:42:49 - SpawnProcess-2 | ThreadPoolExecutor-6_0 | log_utils.info:66 - INFO -搜索旅行建议 - Loc: 巴黎, Name: None, Keywords: 实惠,小吃
20260405 21:42:49 - SpawnProcess-2 | ThreadPoolExecutor-6_0 | log_utils.info:66 - INFO -地点转换: '巴黎' -> 'Paris'
20260405 21:42:49 - SpawnProcess-2 | ThreadPoolExecutor-6_0 | log_utils.info:66 - INFO -搜索完成，找到 0 个旅行建议
20260405 21:42:53 - SpawnProcess-2 | ThreadPoolExecutor-7_0 | log_utils.info:66 - INFO -搜索旅行建议 - Loc: 巴黎, Name: None, Keywords: 街头,食物
20260405 21:42:53 - SpawnProcess-2 | ThreadPoolExecutor-7_0 | log_utils.info:66 - INFO -地点转换: '巴黎' -> 'Paris'
20260405 21:42:53 - SpawnProcess-2 | ThreadPoolExecutor-7_0 | log_utils.info:66 - INFO -搜索完成，找到 0 个旅行建议
20260405 21:42:56 - SpawnProcess-2 | ThreadPoolExecutor-8_0 | log_utils.info:66 - INFO -搜索旅行建议 - Loc: 巴黎, Name: None, Keywords: 平价,餐馆
20260405 21:42:56 - SpawnProcess-2 | ThreadPoolExecutor-8_0 | log_utils.info:66 - INFO -地点转换: '巴黎' -> 'Paris'
20260405 21:42:56 - SpawnProcess-2 | ThreadPoolExecutor-8_0 | log_utils.info:66 - INFO -搜索完成，找到 0 个旅行建议
20260405 23:09:54 - SpawnProcess-1 | ThreadPoolExecutor-2_0 | log_utils.info:66 - INFO -搜索航班 - Dep: None, Arr: None, Start: None, End: None
20260405 23:09:54 - SpawnProcess-1 | ThreadPoolExecutor-2_0 | log_utils.info:66 - INFO -航班搜索完成，找到 20 条结果
20260405 23:12:56 - SpawnProcess-1 | ThreadPoolExecutor-5_0 | log_utils.info:66 - INFO -开始为乘客 3442 587242 预订航班 ID: 4739
20260405 23:12:56 - SpawnProcess-1 | ThreadPoolExecutor-5_0 | log_utils.info:66 - INFO -✅ 预订成功！
预订号: R3WCTF
票号: 2105415513722
航班ID: 4739
已关联至您的账户 ID: 3442 587242。
20260406 08:12:15 - SpawnProcess-1 | ThreadPoolExecutor-2_0 | log_utils.info:66 - INFO -搜索酒店 - Location: None, Name: None
20260406 08:12:15 - SpawnProcess-1 | ThreadPoolExecutor-2_0 | log_utils.debug:75 - DEBUG -SQL: SELECT * FROM hotels WHERE 1=1 | Params: []
20260406 08:12:15 - SpawnProcess-1 | ThreadPoolExecutor-2_0 | log_utils.info:66 - INFO -搜索完成，找到 10 家酒店
20260406 08:15:02 - SpawnProcess-1 | ThreadPoolExecutor-5_0 | log_utils.info:66 - INFO -尝试预订酒店 ID: 8
20260406 08:15:02 - SpawnProcess-1 | ThreadPoolExecutor-5_0 | log_utils.success:81 - SUCCESS -Hotel 8 成功预定。
